<?xml version="1.0" encoding="UTF-8"?>
<!-- Generated by org.testng.reporters.JUnitXMLReporter -->
<testsuite hostname="DESKTOP-4J1LCJ7" ignored="0" name="Login Test" tests="1" failures="1" timestamp="13 May 2019 20:50:17 GMT" time="3.586" errors="0">
  <testcase name="loginTest" time="1.103" classname="com.frankbahar.testcases.LoginTest">
    <failure type="java.lang.AssertionError" message="Login test failed">
      <![CDATA[java.lang.AssertionError: Login test failed
	at com.frankbahar.testcases.LoginTest.loginTest(LoginTest.java:21)
... Removed 29 stack frames]]>
    </failure>
  </testcase> <!-- loginTest -->
</testsuite> <!-- Login Test -->
