<?xml version="1.0" encoding="UTF-8"?>
<testng-results skipped="0" failed="0" ignored="0" total="1" passed="1">
  <reporter-output>
  </reporter-output>
  <suite name="Page Object Model" duration-ms="1281" started-at="2019-05-03T16:04:42Z" finished-at="2019-05-03T16:04:43Z">
    <groups>
    </groups>
    <test name="Login Test" duration-ms="1281" started-at="2019-05-03T16:04:42Z" finished-at="2019-05-03T16:04:43Z">
      <class name="com.w2a.testcases.LoginTest">
        <test-method status="PASS" signature="loginTest()[pri:0, instance:com.w2a.testcases.LoginTest@42721fe]" name="loginTest" duration-ms="1028" started-at="2019-05-03T12:04:42Z" finished-at="2019-05-03T12:04:43Z">
          <reporter-output>
          </reporter-output>
        </test-method> <!-- loginTest -->
        <test-method status="PASS" signature="tearDown()[pri:0, instance:com.w2a.testcases.LoginTest@42721fe]" name="tearDown" is-config="true" duration-ms="742" started-at="2019-05-03T12:04:54Z" finished-at="2019-05-03T12:04:55Z">
          <reporter-output>
          </reporter-output>
        </test-method> <!-- tearDown -->
      </class> <!-- com.w2a.testcases.LoginTest -->
    </test> <!-- Login Test -->
  </suite> <!-- Page Object Model -->
</testng-results>
